<?xml version="1.0" encoding="UTF-8"?>
<!-- Generated by org.testng.reporters.JUnitReportReporter -->
<testsuite hostname="DESKTOP-CGQIUI2" failures="0" tests="1" name="testCases.TC001_AccountRegistrationTest" time="8.233" errors="0" timestamp="2024-08-12T09:00:18 IST" skipped="0">
  <testcase classname="testCases.TC001_AccountRegistrationTest" name="AccRegTest" time="8.233"/>
</testsuite> <!-- testCases.TC001_AccountRegistrationTest -->
